TN:
SF:./src/client/app/app.module.js
FN:1,(anonymous_1)
FNF:1
FNH:1
FNDA:1,(anonymous_1)
DA:1,1
DA:4,1
LF:2
LH:2
BRF:0
BRH:0
end_of_record
TN:
SF:./src/client/app/blocks/auth-service/auth-service.module.js
FN:1,(anonymous_1)
FNF:1
FNH:1
FNDA:1,(anonymous_1)
DA:1,1
DA:4,1
LF:2
LH:2
BRF:0
BRH:0
end_of_record
TN:
SF:./src/client/app/blocks/backand-dataservice/backand-dataservice.module.js
FN:1,(anonymous_1)
FNF:1
FNH:1
FNDA:1,(anonymous_1)
DA:1,1
DA:4,1
LF:2
LH:2
BRF:0
BRH:0
end_of_record
TN:
SF:./src/client/app/blocks/exception/exception.module.js
FN:1,(anonymous_1)
FNF:1
FNH:1
FNDA:1,(anonymous_1)
DA:1,1
DA:4,1
LF:2
LH:2
BRF:0
BRH:0
end_of_record
TN:
SF:./src/client/app/blocks/firebase-dataservice/firebase-dataservice.module.js
FN:1,(anonymous_1)
FNF:1
FNH:1
FNDA:1,(anonymous_1)
DA:1,1
DA:4,1
LF:2
LH:2
BRF:0
BRH:0
end_of_record
TN:
SF:./src/client/app/blocks/geoloc/geoloc.module.js
FN:1,(anonymous_1)
FNF:1
FNH:1
FNDA:1,(anonymous_1)
DA:1,1
DA:4,1
LF:2
LH:2
BRF:0
BRH:0
end_of_record
TN:
SF:./src/client/app/blocks/logger/logger.module.js
FN:1,(anonymous_1)
FNF:1
FNH:1
FNDA:1,(anonymous_1)
DA:1,1
DA:4,1
LF:2
LH:2
BRF:0
BRH:0
end_of_record
TN:
SF:./src/client/app/blocks/profile-management/profile-management.module.js
FN:1,(anonymous_1)
FNF:1
FNH:1
FNDA:1,(anonymous_1)
DA:1,1
DA:4,1
LF:2
LH:2
BRF:0
BRH:0
end_of_record
TN:
SF:./src/client/app/blocks/router/router.module.js
FN:1,(anonymous_1)
FNF:1
FNH:1
FNDA:1,(anonymous_1)
DA:1,1
DA:4,1
LF:2
LH:2
BRF:0
BRH:0
end_of_record
TN:
SF:./src/client/app/blocks/utils/utils.module.js
FN:1,(anonymous_1)
FNF:1
FNH:1
FNDA:1,(anonymous_1)
DA:1,1
DA:4,1
LF:2
LH:2
BRF:0
BRH:0
end_of_record
TN:
SF:./src/client/app/components/intro/intro.module.js
FN:1,(anonymous_1)
FNF:1
FNH:1
FNDA:1,(anonymous_1)
DA:1,1
DA:4,1
LF:2
LH:2
BRF:0
BRH:0
end_of_record
TN:
SF:./src/client/app/components/shefotest/shefotest.module.js
FN:1,(anonymous_1)
FNF:1
FNH:1
FNDA:1,(anonymous_1)
DA:1,1
DA:4,1
LF:2
LH:2
BRF:0
BRH:0
end_of_record
TN:
SF:./src/client/app/components/signin/signin.module.js
FN:1,(anonymous_1)
FNF:1
FNH:1
FNDA:1,(anonymous_1)
DA:1,1
DA:4,1
LF:2
LH:2
BRF:0
BRH:0
end_of_record
TN:
SF:./src/client/app/core/core.module.js
FN:1,(anonymous_1)
FNF:1
FNH:1
FNDA:1,(anonymous_1)
DA:1,1
DA:4,1
LF:2
LH:2
BRF:0
BRH:0
end_of_record
TN:
SF:./src/client/app/shell/shell.module.js
FN:1,(anonymous_1)
FNF:1
FNH:1
FNDA:1,(anonymous_1)
DA:1,1
DA:4,1
LF:2
LH:2
BRF:0
BRH:0
end_of_record
TN:
SF:./src/client/app/widgets/widgets.module.js
FN:1,(anonymous_1)
FNF:1
FNH:1
FNDA:1,(anonymous_1)
DA:1,1
DA:4,1
LF:2
LH:2
BRF:0
BRH:0
end_of_record
TN:
SF:./src/client/app/blocks/auth-service/auth-service.provider.js
FN:1,(anonymous_1)
FN:10,AuthServiceProvider
FN:14,(anonymous_3)
FN:24,AuthService
FN:42,init
FN:45,(anonymous_6)
FN:51,(anonymous_7)
FN:56,(anonymous_8)
FN:63,updateAuthProperties
FN:69,userSignIn
FN:78,(anonymous_11)
FN:82,(anonymous_12)
FN:91,(anonymous_13)
FN:97,(anonymous_14)
FN:115,userSignOut
FN:118,(anonymous_16)
FN:121,(anonymous_17)
FN:126,checkIfSignedIn
FN:130,asyncCheckIfSignedIn
FN:132,(anonymous_20)
FN:136,(anonymous_21)
FN:141,getCurrentUser
FNF:22
FNH:9
FNDA:1,(anonymous_1)
FNDA:25,AuthServiceProvider
FNDA:0,(anonymous_3)
FNDA:25,AuthService
FNDA:25,init
FNDA:5,(anonymous_6)
FNDA:0,(anonymous_7)
FNDA:5,(anonymous_8)
FNDA:5,updateAuthProperties
FNDA:0,userSignIn
FNDA:0,(anonymous_11)
FNDA:0,(anonymous_12)
FNDA:0,(anonymous_13)
FNDA:0,(anonymous_14)
FNDA:0,userSignOut
FNDA:0,(anonymous_16)
FNDA:0,(anonymous_17)
FNDA:0,checkIfSignedIn
FNDA:2,asyncCheckIfSignedIn
FNDA:0,(anonymous_20)
FNDA:0,(anonymous_21)
FNDA:2,getCurrentUser
DA:1,1
DA:4,1
DA:8,1
DA:10,1
DA:12,25
DA:14,25
DA:15,0
DA:18,25
DA:22,25
DA:24,1
DA:25,25
DA:26,25
DA:28,25
DA:36,25
DA:38,25
DA:42,1
DA:45,25
DA:46,5
DA:49,25
DA:52,0
DA:53,0
DA:57,5
DA:63,1
DA:64,5
DA:65,5
DA:66,5
DA:69,1
DA:70,0
DA:73,0
DA:76,0
DA:79,0
DA:80,0
DA:83,0
DA:85,0
DA:89,0
DA:94,0
DA:95,0
DA:104,0
DA:106,0
DA:109,0
DA:112,0
DA:115,1
DA:116,0
DA:119,0
DA:122,0
DA:126,1
DA:127,0
DA:130,1
DA:131,2
DA:133,0
DA:134,0
DA:137,0
DA:141,1
DA:145,2
LF:54
LH:30
BRDA:52,1,0,0
BRDA:52,1,1,0
BRDA:64,2,0,5
BRDA:64,2,1,5
BRDA:65,3,0,5
BRDA:65,3,1,5
BRDA:73,4,0,0
BRDA:73,4,1,0
BRDA:73,4,2,0
BRDA:127,5,0,0
BRDA:127,5,1,0
BRDA:133,6,0,0
BRDA:133,6,1,0
BRF:13
BRH:4
end_of_record
TN:
SF:./src/client/app/blocks/backand-dataservice/backand-dataservice.config.js
FN:1,(anonymous_1)
FN:13,backandConfig
FNF:2
FNH:2
FNDA:1,(anonymous_1)
FNDA:25,backandConfig
DA:1,1
DA:4,1
DA:10,1
DA:11,1
DA:13,1
DA:14,25
DA:15,25
DA:16,25
LF:8
LH:8
BRF:0
BRH:0
end_of_record
TN:
SF:./src/client/app/blocks/backand-dataservice/backand-dataservice.constants.js
FN:1,(anonymous_1)
FNF:1
FNH:1
FNDA:1,(anonymous_1)
DA:1,1
DA:4,1
LF:2
LH:2
BRF:0
BRH:0
end_of_record
TN:
SF:./src/client/app/blocks/backand-dataservice/backand-dataservice.js
FN:1,(anonymous_1)
FN:11,backandDataService
FN:20,buildCallParams
FN:33,getList
FN:39,createItem
FNF:5
FNH:2
FNDA:1,(anonymous_1)
FNDA:6,backandDataService
FNDA:0,buildCallParams
FNDA:0,getList
FNDA:0,createItem
DA:1,1
DA:4,1
DA:8,1
DA:11,1
DA:12,6
DA:16,6
DA:20,1
DA:21,0
DA:33,1
DA:34,0
DA:39,1
LF:11
LH:9
BRDA:25,1,0,0
BRDA:25,1,1,0
BRDA:26,2,0,0
BRDA:26,2,1,0
BRDA:27,3,0,0
BRDA:27,3,1,0
BRDA:28,4,0,0
BRDA:28,4,1,0
BRF:8
BRH:0
end_of_record
TN:
SF:./src/client/app/blocks/exception/exception-handler.provider.js
FN:3,(anonymous_1)
FN:14,exceptionHandlerProvider
FN:20,(anonymous_3)
FN:24,(anonymous_4)
FN:37,config
FN:50,extendExceptionHandler
FN:51,(anonymous_7)
FNF:7
FNH:7
FNDA:1,(anonymous_1)
FNDA:33,exceptionHandlerProvider
FNDA:30,(anonymous_3)
FNDA:35,(anonymous_4)
FNDA:33,config
FNDA:33,extendExceptionHandler
FNDA:1,(anonymous_7)
DA:3,1
DA:6,1
DA:14,1
DA:16,33
DA:20,33
DA:21,30
DA:24,33
DA:25,35
DA:29,1
DA:37,1
DA:38,33
DA:41,1
DA:50,1
DA:51,33
DA:52,1
DA:53,1
DA:54,1
DA:55,1
DA:65,0
LF:19
LH:18
BRDA:52,1,0,1
BRDA:52,1,1,0
BRF:2
BRH:1
end_of_record
TN:
SF:./src/client/app/blocks/exception/exception.js
FN:1,(anonymous_1)
FN:9,exception
FN:15,catcher
FN:16,(anonymous_4)
FNF:4
FNH:2
FNDA:1,(anonymous_1)
FNDA:3,exception
FNDA:0,catcher
FNDA:0,(anonymous_4)
DA:1,1
DA:4,1
DA:9,1
DA:10,3
DA:13,3
DA:15,1
DA:16,0
DA:17,0
DA:18,0
DA:19,0
DA:20,0
DA:21,0
DA:23,0
DA:24,0
DA:25,0
LF:15
LH:6
BRDA:19,1,0,0
BRDA:19,1,1,0
BRDA:19,2,0,0
BRDA:19,2,1,0
BRF:4
BRH:0
end_of_record
TN:
SF:./src/client/app/blocks/firebase-dataservice/firebase-dataservice.config.js
FN:1,(anonymous_1)
FN:13,fbDsRun
FNF:2
FNH:2
FNDA:1,(anonymous_1)
FNDA:25,fbDsRun
DA:1,1
DA:4,1
DA:11,1
DA:13,1
DA:16,25
DA:17,1
LF:6
LH:6
BRDA:16,1,0,1
BRDA:16,1,1,24
BRF:2
BRH:2
end_of_record
TN:
SF:./src/client/app/blocks/firebase-dataservice/firebase-dataservice.constants.js
FN:1,(anonymous_1)
FNF:1
FNH:1
FNDA:1,(anonymous_1)
DA:1,1
DA:4,1
LF:2
LH:2
BRF:0
BRH:0
end_of_record
TN:
SF:./src/client/app/blocks/firebase-dataservice/firebase-dataservice.js
FN:1,(anonymous_1)
FN:11,firebaseDataService
FN:27,createUserWithEmailAndPassword
FN:35,signInWithEmailAndPassword
FN:44,signInWithGoogleAuth
FN:59,getCurrentUser
FN:67,authChgObserver
FN:74,authErrorObserver
FN:85,signOutUser
FNF:9
FNH:4
FNDA:1,(anonymous_1)
FNDA:25,firebaseDataService
FNDA:0,createUserWithEmailAndPassword
FNDA:0,signInWithEmailAndPassword
FNDA:0,signInWithGoogleAuth
FNDA:27,getCurrentUser
FNDA:27,authChgObserver
FNDA:0,authErrorObserver
FNDA:0,signOutUser
DA:1,1
DA:4,1
DA:8,1
DA:11,1
DA:12,25
DA:20,25
DA:27,1
DA:28,0
DA:35,1
DA:36,0
DA:44,1
DA:45,0
DA:46,0
DA:47,0
DA:48,0
DA:50,0
DA:52,0
DA:59,1
DA:60,27
DA:62,27
DA:67,1
DA:68,27
DA:69,0
DA:71,27
DA:74,1
DA:75,0
DA:78,27
DA:85,1
DA:86,0
LF:29
LH:18
BRDA:47,1,0,0
BRDA:47,1,1,0
BRDA:68,2,0,0
BRDA:68,2,1,27
BRF:4
BRH:1
end_of_record
TN:
SF:./src/client/app/blocks/geoloc/geoloc.js
FN:1,(anonymous_1)
FN:11,geoloc
FN:20,getPromisedPosition
FN:31,success
FN:36,fail
FNF:5
FNH:1
FNDA:1,(anonymous_1)
FNDA:0,geoloc
FNDA:0,getPromisedPosition
FNDA:0,success
FNDA:0,fail
DA:1,1
DA:4,1
DA:8,1
DA:11,1
DA:13,0
DA:17,0
DA:20,1
DA:21,0
DA:22,0
DA:24,0
DA:25,0
DA:26,0
DA:28,0
DA:31,1
DA:32,0
DA:33,0
DA:36,1
DA:37,0
DA:40,0
LF:19
LH:7
BRDA:24,1,0,0
BRDA:24,1,1,0
BRDA:24,2,0,0
BRDA:24,2,1,0
BRF:4
BRH:0
end_of_record
TN:
SF:./src/client/app/blocks/logger/logger.js
FN:1,(anonymous_1)
FN:11,logger
FN:27,error
FN:32,info
FN:37,success
FN:42,warning
FNF:6
FNH:4
FNDA:1,(anonymous_1)
FNDA:33,logger
FNDA:0,error
FNDA:12,info
FNDA:3,success
FNDA:0,warning
DA:1,1
DA:4,1
DA:8,1
DA:11,1
DA:12,33
DA:24,33
DA:27,1
DA:28,0
DA:29,0
DA:32,1
DA:33,12
DA:34,12
DA:37,1
DA:38,3
DA:39,3
DA:42,1
DA:43,0
DA:44,0
LF:18
LH:14
BRF:0
BRH:0
end_of_record
TN:
SF:./src/client/app/blocks/profile-management/profile-management.js
FN:1,(anonymous_1)
FN:11,profileManagementService
FNF:2
FNH:2
FNDA:1,(anonymous_1)
FNDA:3,profileManagementService
DA:1,1
DA:4,1
DA:8,1
DA:11,1
DA:13,3
DA:17,3
LF:6
LH:6
BRF:0
BRH:0
end_of_record
TN:
SF:./src/client/app/blocks/router/router-helper.provider.js
FN:2,(anonymous_1)
FN:11,routerHelperProvider
FN:24,(anonymous_3)
FN:36,RouterHelper
FN:58,init
FN:64,getStates
FN:68,configureStates
FN:69,(anonymous_8)
FN:80,checkAuthentication
FN:82,(anonymous_10)
FN:88,(anonymous_11)
FN:92,(anonymous_12)
FN:99,updateAppwideState
FN:101,(anonymous_14)
FN:115,handleRoutingErrors
FN:120,(anonymous_16)
FNF:16
FNH:12
FNDA:1,(anonymous_1)
FNDA:25,routerHelperProvider
FNDA:25,(anonymous_3)
FNDA:25,RouterHelper
FNDA:25,init
FNDA:0,getStates
FNDA:44,configureStates
FNDA:44,(anonymous_8)
FNDA:25,checkAuthentication
FNDA:6,(anonymous_10)
FNDA:0,(anonymous_11)
FNDA:0,(anonymous_12)
FNDA:25,updateAppwideState
FNDA:4,(anonymous_14)
FNDA:25,handleRoutingErrors
FNDA:0,(anonymous_16)
DA:2,1
DA:5,1
DA:9,1
DA:11,1
DA:13,25
DA:18,25
DA:19,0
DA:22,25
DA:24,25
DA:25,25
DA:28,25
DA:32,25
DA:36,1
DA:39,25
DA:40,25
DA:41,25
DA:46,25
DA:52,25
DA:54,25
DA:58,1
DA:59,25
DA:60,25
DA:61,25
DA:64,1
DA:65,0
DA:68,1
DA:69,44
DA:70,44
DA:72,44
DA:74,44
DA:75,25
DA:76,25
DA:80,1
DA:81,25
DA:83,6
DA:84,6
DA:85,2
DA:86,2
DA:87,2
DA:89,0
DA:90,0
DA:93,0
DA:99,1
DA:100,25
DA:104,4
DA:105,4
DA:108,4
DA:109,4
DA:115,1
DA:119,25
DA:121,0
DA:122,0
DA:124,0
DA:125,0
DA:126,0
DA:129,0
DA:132,0
DA:133,0
LF:58
LH:45
BRDA:18,1,0,0
BRDA:18,1,1,25
BRDA:18,2,0,25
BRDA:18,2,1,25
BRDA:71,3,0,44
BRDA:71,3,1,38
BRDA:74,4,0,25
BRDA:74,4,1,19
BRDA:74,5,0,44
BRDA:74,5,1,25
BRDA:83,6,0,0
BRDA:83,6,1,6
BRDA:84,7,0,2
BRDA:84,7,1,4
BRDA:84,8,0,6
BRDA:84,8,1,4
BRDA:108,9,0,4
BRDA:108,9,1,0
BRDA:121,10,0,0
BRDA:121,10,1,0
BRDA:126,11,0,0
BRDA:126,11,1,0
BRDA:126,11,2,0
BRDA:126,11,3,0
BRDA:126,11,4,0
BRDA:130,12,0,0
BRDA:130,12,1,0
BRDA:130,13,0,0
BRDA:130,13,1,0
BRDA:131,14,0,0
BRDA:131,14,1,0
BRF:31
BRH:15
end_of_record
TN:
SF:./src/client/app/blocks/utils/utils.js
FN:1,(anonymous_1)
FN:11,utils
FN:20,isFunction
FNF:3
FNH:1
FNDA:1,(anonymous_1)
FNDA:0,utils
FNDA:0,isFunction
DA:1,1
DA:4,1
DA:8,1
DA:11,1
DA:13,0
DA:17,0
DA:20,1
DA:21,0
LF:8
LH:5
BRDA:21,1,0,0
BRDA:21,1,1,0
BRF:2
BRH:0
end_of_record
TN:
SF:./src/client/app/components/intro/intro.constants.js
FN:1,(anonymous_1)
FN:8,getColors
FNF:2
FNH:2
FNDA:1,(anonymous_1)
FNDA:1,getColors
DA:1,1
DA:4,1
DA:8,1
DA:9,1
LF:4
LH:4
BRF:0
BRH:0
end_of_record
TN:
SF:./src/client/app/components/intro/intro.controller.js
FN:1,(anonymous_1)
FN:10,IntroController
FN:16,activate
FN:20,randomColor
FN:24,randomSpan
FNF:5
FNH:3
FNDA:1,(anonymous_1)
FNDA:3,IntroController
FNDA:3,activate
FNDA:0,randomColor
FNDA:0,randomSpan
DA:1,1
DA:4,1
DA:8,1
DA:10,1
DA:11,3
DA:12,3
DA:14,3
DA:16,1
DA:17,3
DA:20,1
DA:21,0
DA:24,1
DA:25,0
DA:26,0
DA:27,0
DA:28,0
DA:29,0
DA:31,0
LF:18
LH:11
BRDA:26,1,0,0
BRDA:26,1,1,0
BRDA:28,2,0,0
BRDA:28,2,1,0
BRF:4
BRH:0
end_of_record
TN:
SF:./src/client/app/components/intro/intro.route.js
FN:1,(anonymous_1)
FN:10,appRun
FN:14,getStates
FN:35,getResolves
FNF:4
FNH:4
FNDA:1,(anonymous_1)
FNDA:6,appRun
FNDA:6,getStates
FNDA:6,getResolves
DA:1,1
DA:4,1
DA:8,1
DA:10,1
DA:11,6
DA:14,1
DA:15,6
DA:35,1
DA:36,6
LF:9
LH:9
BRF:0
BRH:0
end_of_record
TN:
SF:./src/client/app/components/shefotest/shefotest.controller.js
FN:1,(anonymous_1)
FN:10,ShefotestController
FN:46,activate
FN:52,doSubmit
FNF:4
FNH:3
FNDA:1,(anonymous_1)
FNDA:4,ShefotestController
FNDA:4,activate
FNDA:0,doSubmit
DA:1,1
DA:4,1
DA:8,1
DA:10,1
DA:11,4
DA:12,4
DA:14,4
DA:35,4
DA:42,4
DA:44,4
DA:46,1
DA:47,4
DA:48,4
DA:52,1
DA:53,0
DA:54,0
DA:57,0
DA:59,0
LF:18
LH:14
BRDA:57,1,0,0
BRDA:57,1,1,0
BRF:2
BRH:0
end_of_record
TN:
SF:./src/client/app/components/shefotest/shefotest.route.js
FN:1,(anonymous_1)
FN:10,appRun
FN:14,getStates
FNF:3
FNH:3
FNDA:1,(anonymous_1)
FNDA:7,appRun
FNDA:7,getStates
DA:1,1
DA:4,1
DA:8,1
DA:10,1
DA:11,7
DA:14,1
DA:15,7
LF:7
LH:7
BRF:0
BRH:0
end_of_record
TN:
SF:./src/client/app/components/signin/signin.controller.js
FN:1,(anonymous_1)
FN:10,SigninController
FN:30,activate
FN:32,(anonymous_4)
FN:37,doSignin
FN:46,(anonymous_6)
FN:52,doSignout
FN:57,(anonymous_8)
FN:62,(anonymous_9)
FN:68,showForm
FNF:10
FNH:4
FNDA:1,(anonymous_1)
FNDA:3,SigninController
FNDA:3,activate
FNDA:1,(anonymous_4)
FNDA:0,doSignin
FNDA:0,(anonymous_6)
FNDA:0,doSignout
FNDA:0,(anonymous_8)
FNDA:0,(anonymous_9)
FNDA:0,showForm
DA:1,1
DA:4,1
DA:8,1
DA:10,1
DA:11,3
DA:12,3
DA:13,3
DA:15,3
DA:17,3
DA:18,3
DA:19,3
DA:20,3
DA:22,3
DA:23,3
DA:24,3
DA:26,3
DA:30,1
DA:31,3
DA:32,3
DA:33,1
DA:37,1
DA:38,0
DA:40,0
DA:47,0
DA:52,1
DA:54,0
DA:55,0
DA:58,0
DA:59,0
DA:60,0
DA:63,0
DA:68,1
DA:69,0
LF:33
LH:23
BRDA:43,1,0,0
BRDA:43,1,1,0
BRDA:44,2,0,0
BRDA:44,2,1,0
BRDA:54,3,0,0
BRDA:54,3,1,0
BRF:6
BRH:0
end_of_record
TN:
SF:./src/client/app/components/signin/signin.route.js
FN:1,(anonymous_1)
FN:10,appRun
FN:14,getStates
FNF:3
FNH:3
FNDA:1,(anonymous_1)
FNDA:6,appRun
FNDA:6,getStates
DA:1,1
DA:4,1
DA:8,1
DA:10,1
DA:11,6
DA:14,1
DA:15,6
LF:7
LH:7
BRF:0
BRH:0
end_of_record
TN:
SF:./src/client/app/core/config.js
FN:1,(anonymous_1)
FN:27,configureApp
FN:44,ngMaterialThemes
FN:60,toastrConfig
FNF:4
FNH:4
FNDA:1,(anonymous_1)
FNDA:25,configureApp
FNDA:25,ngMaterialThemes
FNDA:25,toastrConfig
DA:1,1
DA:4,1
DA:15,1
DA:20,1
DA:23,1
DA:25,1
DA:27,1
DA:28,25
DA:29,25
DA:31,25
DA:32,25
DA:40,1
DA:42,1
DA:44,1
DA:46,25
DA:50,25
DA:57,1
DA:58,1
DA:60,1
DA:61,25
DA:62,25
LF:21
LH:21
BRDA:28,1,0,25
BRDA:28,1,1,0
BRF:2
BRH:1
end_of_record
TN:
SF:./src/client/app/core/constants.js
FN:2,(anonymous_1)
FNF:1
FNH:1
FNDA:1,(anonymous_1)
DA:2,1
DA:5,1
LF:2
LH:2
BRF:0
BRH:0
end_of_record
TN:
SF:./src/client/app/core/core.route.js
FN:1,(anonymous_1)
FN:9,appRun
FN:14,getStates
FNF:3
FNH:3
FNDA:1,(anonymous_1)
FNDA:25,appRun
FNDA:25,getStates
DA:1,1
DA:4,1
DA:9,1
DA:10,25
DA:11,25
DA:14,1
DA:15,25
LF:7
LH:7
BRF:0
BRH:0
end_of_record
TN:
SF:./src/client/app/core/dataservice.js
FN:1,(anonymous_1)
FN:10,dataservice
FN:18,getMessageCount
FN:20,getPeople
FN:25,success
FN:29,fail
FNF:6
FNH:2
FNDA:1,(anonymous_1)
FNDA:3,dataservice
FNDA:0,getMessageCount
FNDA:0,getPeople
FNDA:0,success
FNDA:0,fail
DA:1,1
DA:4,1
DA:8,1
DA:10,1
DA:11,3
DA:16,3
DA:18,1
DA:20,1
DA:21,0
DA:25,1
DA:26,0
DA:29,1
DA:30,0
LF:13
LH:10
BRF:0
BRH:0
end_of_record
TN:
SF:./src/client/app/shell/shell.controller.js
FN:1,(anonymous_1)
FN:10,ShellController
FN:25,activate
FN:30,hideSplash
FN:32,(anonymous_5)
FNF:5
FNH:5
FNDA:1,(anonymous_1)
FNDA:3,ShellController
FNDA:3,activate
FNDA:3,hideSplash
FNDA:1,(anonymous_5)
DA:1,1
DA:4,1
DA:8,1
DA:10,1
DA:11,3
DA:12,3
DA:13,3
DA:14,3
DA:15,3
DA:21,3
DA:25,1
DA:26,3
DA:27,3
DA:30,1
DA:32,3
DA:33,1
LF:16
LH:16
BRF:0
BRH:0
end_of_record
TN:
SF:./src/client/app/widgets/wd-header-toolbar.directive.js
FN:1,(anonymous_1)
FN:9,wdHeaderToolbar
FN:24,controller
FNF:3
FNH:1
FNDA:1,(anonymous_1)
FNDA:0,wdHeaderToolbar
FNDA:0,controller
DA:1,1
DA:4,1
DA:9,1
DA:13,0
DA:19,0
DA:24,1
DA:25,0
LF:7
LH:4
BRF:0
BRH:0
end_of_record
